<?xml version="1.0" encoding="UTF-8"?>
<testsuite xmlns:xsi="http://www.w3.org/2001/XMLSchema-instance" xsi:noNamespaceSchemaLocation="https://maven.apache.org/surefire/maven-surefire-plugin/xsd/surefire-test-report.xsd" name="com.qgc.maven.AppTest" time="0.036" tests="1" errors="0" skipped="0" failures="0">
  <properties>
    <property name="sun.desktop" value="windows"/>
    <property name="awt.toolkit" value="sun.awt.windows.WToolkit"/>
    <property name="file.encoding.pkg" value="sun.io"/>
    <property name="java.specification.version" value="1.8"/>
    <property name="sun.cpu.isalist" value="pentium_pro+mmx pentium_pro pentium+mmx pentium i486 i386 i86"/>
    <property name="sun.jnu.encoding" value="GBK"/>
    <property name="java.class.path" value="D:\qgcTools\java\rocketmqJmeter\target\test-classes;D:\qgcTools\java\rocketmqJmeter\target\classes;C:\Users\qgc\.m2\repository\junit\junit\4.11\junit-4.11.jar;C:\Users\qgc\.m2\repository\org\hamcrest\hamcrest-core\1.3\hamcrest-core-1.3.jar;C:\Users\qgc\.m2\repository\org\apache\rocketmq\rocketmq-client\4.9.4\rocketmq-client-4.9.4.jar;C:\Users\qgc\.m2\repository\org\apache\rocketmq\rocketmq-common\4.9.4\rocketmq-common-4.9.4.jar;C:\Users\qgc\.m2\repository\org\apache\rocketmq\rocketmq-remoting\4.9.4\rocketmq-remoting-4.9.4.jar;C:\Users\qgc\.m2\repository\com\alibaba\fastjson\1.2.69_noneautotype\fastjson-1.2.69_noneautotype.jar;C:\Users\qgc\.m2\repository\io\netty\netty-all\4.1.65.Final\netty-all-4.1.65.Final.jar;C:\Users\qgc\.m2\repository\org\apache\rocketmq\rocketmq-logging\4.9.4\rocketmq-logging-4.9.4.jar;C:\Users\qgc\.m2\repository\commons-validator\commons-validator\1.7\commons-validator-1.7.jar;C:\Users\qgc\.m2\repository\commons-beanutils\commons-beanutils\1.9.4\commons-beanutils-1.9.4.jar;C:\Users\qgc\.m2\repository\commons-digester\commons-digester\2.1\commons-digester-2.1.jar;C:\Users\qgc\.m2\repository\com\github\luben\zstd-jni\1.5.2-2\zstd-jni-1.5.2-2.jar;C:\Users\qgc\.m2\repository\org\lz4\lz4-java\1.8.0\lz4-java-1.8.0.jar;C:\Users\qgc\.m2\repository\org\apache\commons\commons-lang3\3.4\commons-lang3-3.4.jar;C:\Users\qgc\.m2\repository\org\apache\jmeter\ApacheJMeter_core\5.4.3\ApacheJMeter_core-5.4.3.jar;C:\Users\qgc\.m2\repository\org\apache\jmeter\ApacheJMeter\5.4.3\ApacheJMeter-5.4.3.jar;C:\Users\qgc\.m2\repository\org\apache\jmeter\jorphan\5.4.3\jorphan-5.4.3.jar;C:\Users\qgc\.m2\repository\org\slf4j\slf4j-api\1.7.30\slf4j-api-1.7.30.jar;C:\Users\qgc\.m2\repository\bsf\bsf\2.4.0\bsf-2.4.0.jar;C:\Users\qgc\.m2\repository\commons-logging\commons-logging\1.0.4\commons-logging-1.0.4.jar;C:\Users\qgc\.m2\repository\com\fifesoft\rsyntaxtextarea\3.1.1\rsyntaxtextarea-3.1.1.jar;C:\Users\qgc\.m2\repository\net\sf\jtidy\jtidy\r938\jtidy-r938.jar;C:\Users\qgc\.m2\repository\com\thoughtworks\xstream\xstream\1.4.15\xstream-1.4.15.jar;C:\Users\qgc\.m2\repository\xmlpull\xmlpull\1.1.3.1\xmlpull-1.1.3.1.jar;C:\Users\qgc\.m2\repository\xpp3\xpp3_min\1.1.4c\xpp3_min-1.1.4c.jar;C:\Users\qgc\.m2\repository\org\apache\logging\log4j\log4j-1.2-api\2.17.0\log4j-1.2-api-2.17.0.jar;C:\Users\qgc\.m2\repository\org\apache\logging\log4j\log4j-api\2.17.0\log4j-api-2.17.0.jar;C:\Users\qgc\.m2\repository\org\apache\logging\log4j\log4j-core\2.17.0\log4j-core-2.17.0.jar;C:\Users\qgc\.m2\repository\org\apache\logging\log4j\log4j-slf4j-impl\2.17.0\log4j-slf4j-impl-2.17.0.jar;C:\Users\qgc\.m2\repository\org\apiguardian\apiguardian-api\1.1.0\apiguardian-api-1.1.0.jar;C:\Users\qgc\.m2\repository\oro\oro\2.0.8\oro-2.0.8.jar;C:\Users\qgc\.m2\repository\xalan\xalan\2.7.2\xalan-2.7.2.jar;C:\Users\qgc\.m2\repository\xalan\serializer\2.7.2\serializer-2.7.2.jar;C:\Users\qgc\.m2\repository\net\sf\saxon\Saxon-HE\9.9.1-8\Saxon-HE-9.9.1-8.jar;C:\Users\qgc\.m2\repository\com\fasterxml\jackson\core\jackson-annotations\2.10.5\jackson-annotations-2.10.5.jar;C:\Users\qgc\.m2\repository\com\fasterxml\jackson\core\jackson-core\2.10.5\jackson-core-2.10.5.jar;C:\Users\qgc\.m2\repository\com\fasterxml\jackson\core\jackson-databind\2.10.5\jackson-databind-2.10.5.jar;C:\Users\qgc\.m2\repository\com\formdev\svgSalamander\1.1.2.3\svgSalamander-1.1.2.3.jar;C:\Users\qgc\.m2\repository\com\github\ben-manes\caffeine\caffeine\2.8.8\caffeine-2.8.8.jar;C:\Users\qgc\.m2\repository\org\checkerframework\checker-qual\3.8.0\checker-qual-3.8.0.jar;C:\Users\qgc\.m2\repository\com\google\errorprone\error_prone_annotations\2.4.0\error_prone_annotations-2.4.0.jar;C:\Users\qgc\.m2\repository\com\github\weisj\darklaf-core\2.5.4\darklaf-core-2.5.4.jar;C:\Users\qgc\.m2\repository\com\github\weisj\darklaf-utils\2.5.4\darklaf-utils-2.5.4.jar;C:\Users\qgc\.m2\repository\com\github\weisj\darklaf-native-utils\2.5.4\darklaf-native-utils-2.5.4.jar;C:\Users\qgc\.m2\repository\com\github\weisj\darklaf-platform-base\2.5.4\darklaf-platform-base-2.5.4.jar;C:\Users\qgc\.m2\repository\com\github\weisj\darklaf-windows\2.5.4\darklaf-windows-2.5.4.jar;C:\Users\qgc\.m2\repository\net\java\dev\jna\jna\5.5.0\jna-5.5.0.jar;C:\Users\qgc\.m2\repository\com\github\weisj\darklaf-macos\2.5.4\darklaf-macos-2.5.4.jar;C:\Users\qgc\.m2\repository\org\swinglabs\jxlayer\3.0.4\jxlayer-3.0.4.jar;C:\Users\qgc\.m2\repository\com\github\weisj\darklaf-theme\2.5.4\darklaf-theme-2.5.4.jar;C:\Users\qgc\.m2\repository\com\github\weisj\darklaf-property-loader\2.5.4\darklaf-property-loader-2.5.4.jar;C:\Users\qgc\.m2\repository\com\github\weisj\darklaf-extensions-rsyntaxarea\0.3.4\darklaf-extensions-rsyntaxarea-0.3.4.jar;C:\Users\qgc\.m2\repository\com\miglayout\miglayout-swing\5.2\miglayout-swing-5.2.jar;C:\Users\qgc\.m2\repository\com\miglayout\miglayout-core\5.2\miglayout-core-5.2.jar;C:\Users\qgc\.m2\repository\commons-codec\commons-codec\1.15\commons-codec-1.15.jar;C:\Users\qgc\.m2\repository\commons-collections\commons-collections\3.2.2\commons-collections-3.2.2.jar;C:\Users\qgc\.m2\repository\org\apache\commons\commons-collections4\4.4\commons-collections4-4.4.jar;C:\Users\qgc\.m2\repository\org\apache\commons\commons-math3\3.6.1\commons-math3-3.6.1.jar;C:\Users\qgc\.m2\repository\org\apache\commons\commons-text\1.9\commons-text-1.9.jar;C:\Users\qgc\.m2\repository\org\apache\tika\tika-core\1.24.1\tika-core-1.24.1.jar;C:\Users\qgc\.m2\repository\org\apache\xmlgraphics\xmlgraphics-commons\2.3\xmlgraphics-commons-2.3.jar;C:\Users\qgc\.m2\repository\org\freemarker\freemarker\2.3.30\freemarker-2.3.30.jar;C:\Users\qgc\.m2\repository\org\jodd\jodd-core\5.0.13\jodd-core-5.0.13.jar;C:\Users\qgc\.m2\repository\org\jodd\jodd-props\5.0.13\jodd-props-5.0.13.jar;C:\Users\qgc\.m2\repository\org\mozilla\rhino\1.7.13\rhino-1.7.13.jar;C:\Users\qgc\.m2\repository\org\slf4j\jcl-over-slf4j\1.7.30\jcl-over-slf4j-1.7.30.jar;C:\Users\qgc\.m2\repository\org\codehaus\groovy\groovy\3.0.7\groovy-3.0.7.jar;C:\Users\qgc\.m2\repository\org\codehaus\groovy\groovy-dateutil\3.0.7\groovy-dateutil-3.0.7.jar;C:\Users\qgc\.m2\repository\org\codehaus\groovy\groovy-datetime\3.0.7\groovy-datetime-3.0.7.jar;C:\Users\qgc\.m2\repository\org\codehaus\groovy\groovy-jmx\3.0.7\groovy-jmx-3.0.7.jar;C:\Users\qgc\.m2\repository\org\codehaus\groovy\groovy-json\3.0.7\groovy-json-3.0.7.jar;C:\Users\qgc\.m2\repository\org\codehaus\groovy\groovy-jsr223\3.0.7\groovy-jsr223-3.0.7.jar;C:\Users\qgc\.m2\repository\org\codehaus\groovy\groovy-sql\3.0.7\groovy-sql-3.0.7.jar;C:\Users\qgc\.m2\repository\org\codehaus\groovy\groovy-templates\3.0.7\groovy-templates-3.0.7.jar;C:\Users\qgc\.m2\repository\org\codehaus\groovy\groovy-xml\3.0.7\groovy-xml-3.0.7.jar;C:\Users\qgc\.m2\repository\org\apache\tika\tika-parsers\1.24.1\tika-parsers-1.24.1.jar;C:\Users\qgc\.m2\repository\xerces\xercesImpl\2.12.0\xercesImpl-2.12.0.jar;C:\Users\qgc\.m2\repository\xml-apis\xml-apis\1.4.01\xml-apis-1.4.01.jar;C:\Users\qgc\.m2\repository\org\apache\jmeter\ApacheJMeter_java\5.4.3\ApacheJMeter_java-5.4.3.jar;C:\Users\qgc\.m2\repository\commons-io\commons-io\2.8.0\commons-io-2.8.0.jar;"/>
    <property name="java.vm.vendor" value="Oracle Corporation"/>
    <property name="sun.arch.data.model" value="32"/>
    <property name="user.variant" value=""/>
    <property name="java.vendor.url" value="http://java.oracle.com/"/>
    <property name="user.timezone" value="Asia/Shanghai"/>
    <property name="java.vm.specification.version" value="1.8"/>
    <property name="os.name" value="Windows 8.1"/>
    <property name="user.country" value="CN"/>
    <property name="sun.java.launcher" value="SUN_STANDARD"/>
    <property name="sun.boot.library.path" value="D:\Program Files (x86)\Java\jdk1.8.0_40\jre\bin"/>
    <property name="sun.java.command" value="C:\Users\qgc\AppData\Local\Temp\surefire3821989345170595761\surefirebooter1064694353929917068.jar C:\Users\qgc\AppData\Local\Temp\surefire3821989345170595761 2024-07-05T18-20-57_517-jvmRun1 surefire8614310075419930071tmp surefire_04095515277336891071tmp"/>
    <property name="surefire.test.class.path" value="D:\qgcTools\java\rocketmqJmeter\target\test-classes;D:\qgcTools\java\rocketmqJmeter\target\classes;C:\Users\qgc\.m2\repository\junit\junit\4.11\junit-4.11.jar;C:\Users\qgc\.m2\repository\org\hamcrest\hamcrest-core\1.3\hamcrest-core-1.3.jar;C:\Users\qgc\.m2\repository\org\apache\rocketmq\rocketmq-client\4.9.4\rocketmq-client-4.9.4.jar;C:\Users\qgc\.m2\repository\org\apache\rocketmq\rocketmq-common\4.9.4\rocketmq-common-4.9.4.jar;C:\Users\qgc\.m2\repository\org\apache\rocketmq\rocketmq-remoting\4.9.4\rocketmq-remoting-4.9.4.jar;C:\Users\qgc\.m2\repository\com\alibaba\fastjson\1.2.69_noneautotype\fastjson-1.2.69_noneautotype.jar;C:\Users\qgc\.m2\repository\io\netty\netty-all\4.1.65.Final\netty-all-4.1.65.Final.jar;C:\Users\qgc\.m2\repository\org\apache\rocketmq\rocketmq-logging\4.9.4\rocketmq-logging-4.9.4.jar;C:\Users\qgc\.m2\repository\commons-validator\commons-validator\1.7\commons-validator-1.7.jar;C:\Users\qgc\.m2\repository\commons-beanutils\commons-beanutils\1.9.4\commons-beanutils-1.9.4.jar;C:\Users\qgc\.m2\repository\commons-digester\commons-digester\2.1\commons-digester-2.1.jar;C:\Users\qgc\.m2\repository\com\github\luben\zstd-jni\1.5.2-2\zstd-jni-1.5.2-2.jar;C:\Users\qgc\.m2\repository\org\lz4\lz4-java\1.8.0\lz4-java-1.8.0.jar;C:\Users\qgc\.m2\repository\org\apache\commons\commons-lang3\3.4\commons-lang3-3.4.jar;C:\Users\qgc\.m2\repository\org\apache\jmeter\ApacheJMeter_core\5.4.3\ApacheJMeter_core-5.4.3.jar;C:\Users\qgc\.m2\repository\org\apache\jmeter\ApacheJMeter\5.4.3\ApacheJMeter-5.4.3.jar;C:\Users\qgc\.m2\repository\org\apache\jmeter\jorphan\5.4.3\jorphan-5.4.3.jar;C:\Users\qgc\.m2\repository\org\slf4j\slf4j-api\1.7.30\slf4j-api-1.7.30.jar;C:\Users\qgc\.m2\repository\bsf\bsf\2.4.0\bsf-2.4.0.jar;C:\Users\qgc\.m2\repository\commons-logging\commons-logging\1.0.4\commons-logging-1.0.4.jar;C:\Users\qgc\.m2\repository\com\fifesoft\rsyntaxtextarea\3.1.1\rsyntaxtextarea-3.1.1.jar;C:\Users\qgc\.m2\repository\net\sf\jtidy\jtidy\r938\jtidy-r938.jar;C:\Users\qgc\.m2\repository\com\thoughtworks\xstream\xstream\1.4.15\xstream-1.4.15.jar;C:\Users\qgc\.m2\repository\xmlpull\xmlpull\1.1.3.1\xmlpull-1.1.3.1.jar;C:\Users\qgc\.m2\repository\xpp3\xpp3_min\1.1.4c\xpp3_min-1.1.4c.jar;C:\Users\qgc\.m2\repository\org\apache\logging\log4j\log4j-1.2-api\2.17.0\log4j-1.2-api-2.17.0.jar;C:\Users\qgc\.m2\repository\org\apache\logging\log4j\log4j-api\2.17.0\log4j-api-2.17.0.jar;C:\Users\qgc\.m2\repository\org\apache\logging\log4j\log4j-core\2.17.0\log4j-core-2.17.0.jar;C:\Users\qgc\.m2\repository\org\apache\logging\log4j\log4j-slf4j-impl\2.17.0\log4j-slf4j-impl-2.17.0.jar;C:\Users\qgc\.m2\repository\org\apiguardian\apiguardian-api\1.1.0\apiguardian-api-1.1.0.jar;C:\Users\qgc\.m2\repository\oro\oro\2.0.8\oro-2.0.8.jar;C:\Users\qgc\.m2\repository\xalan\xalan\2.7.2\xalan-2.7.2.jar;C:\Users\qgc\.m2\repository\xalan\serializer\2.7.2\serializer-2.7.2.jar;C:\Users\qgc\.m2\repository\net\sf\saxon\Saxon-HE\9.9.1-8\Saxon-HE-9.9.1-8.jar;C:\Users\qgc\.m2\repository\com\fasterxml\jackson\core\jackson-annotations\2.10.5\jackson-annotations-2.10.5.jar;C:\Users\qgc\.m2\repository\com\fasterxml\jackson\core\jackson-core\2.10.5\jackson-core-2.10.5.jar;C:\Users\qgc\.m2\repository\com\fasterxml\jackson\core\jackson-databind\2.10.5\jackson-databind-2.10.5.jar;C:\Users\qgc\.m2\repository\com\formdev\svgSalamander\1.1.2.3\svgSalamander-1.1.2.3.jar;C:\Users\qgc\.m2\repository\com\github\ben-manes\caffeine\caffeine\2.8.8\caffeine-2.8.8.jar;C:\Users\qgc\.m2\repository\org\checkerframework\checker-qual\3.8.0\checker-qual-3.8.0.jar;C:\Users\qgc\.m2\repository\com\google\errorprone\error_prone_annotations\2.4.0\error_prone_annotations-2.4.0.jar;C:\Users\qgc\.m2\repository\com\github\weisj\darklaf-core\2.5.4\darklaf-core-2.5.4.jar;C:\Users\qgc\.m2\repository\com\github\weisj\darklaf-utils\2.5.4\darklaf-utils-2.5.4.jar;C:\Users\qgc\.m2\repository\com\github\weisj\darklaf-native-utils\2.5.4\darklaf-native-utils-2.5.4.jar;C:\Users\qgc\.m2\repository\com\github\weisj\darklaf-platform-base\2.5.4\darklaf-platform-base-2.5.4.jar;C:\Users\qgc\.m2\repository\com\github\weisj\darklaf-windows\2.5.4\darklaf-windows-2.5.4.jar;C:\Users\qgc\.m2\repository\net\java\dev\jna\jna\5.5.0\jna-5.5.0.jar;C:\Users\qgc\.m2\repository\com\github\weisj\darklaf-macos\2.5.4\darklaf-macos-2.5.4.jar;C:\Users\qgc\.m2\repository\org\swinglabs\jxlayer\3.0.4\jxlayer-3.0.4.jar;C:\Users\qgc\.m2\repository\com\github\weisj\darklaf-theme\2.5.4\darklaf-theme-2.5.4.jar;C:\Users\qgc\.m2\repository\com\github\weisj\darklaf-property-loader\2.5.4\darklaf-property-loader-2.5.4.jar;C:\Users\qgc\.m2\repository\com\github\weisj\darklaf-extensions-rsyntaxarea\0.3.4\darklaf-extensions-rsyntaxarea-0.3.4.jar;C:\Users\qgc\.m2\repository\com\miglayout\miglayout-swing\5.2\miglayout-swing-5.2.jar;C:\Users\qgc\.m2\repository\com\miglayout\miglayout-core\5.2\miglayout-core-5.2.jar;C:\Users\qgc\.m2\repository\commons-codec\commons-codec\1.15\commons-codec-1.15.jar;C:\Users\qgc\.m2\repository\commons-collections\commons-collections\3.2.2\commons-collections-3.2.2.jar;C:\Users\qgc\.m2\repository\org\apache\commons\commons-collections4\4.4\commons-collections4-4.4.jar;C:\Users\qgc\.m2\repository\org\apache\commons\commons-math3\3.6.1\commons-math3-3.6.1.jar;C:\Users\qgc\.m2\repository\org\apache\commons\commons-text\1.9\commons-text-1.9.jar;C:\Users\qgc\.m2\repository\org\apache\tika\tika-core\1.24.1\tika-core-1.24.1.jar;C:\Users\qgc\.m2\repository\org\apache\xmlgraphics\xmlgraphics-commons\2.3\xmlgraphics-commons-2.3.jar;C:\Users\qgc\.m2\repository\org\freemarker\freemarker\2.3.30\freemarker-2.3.30.jar;C:\Users\qgc\.m2\repository\org\jodd\jodd-core\5.0.13\jodd-core-5.0.13.jar;C:\Users\qgc\.m2\repository\org\jodd\jodd-props\5.0.13\jodd-props-5.0.13.jar;C:\Users\qgc\.m2\repository\org\mozilla\rhino\1.7.13\rhino-1.7.13.jar;C:\Users\qgc\.m2\repository\org\slf4j\jcl-over-slf4j\1.7.30\jcl-over-slf4j-1.7.30.jar;C:\Users\qgc\.m2\repository\org\codehaus\groovy\groovy\3.0.7\groovy-3.0.7.jar;C:\Users\qgc\.m2\repository\org\codehaus\groovy\groovy-dateutil\3.0.7\groovy-dateutil-3.0.7.jar;C:\Users\qgc\.m2\repository\org\codehaus\groovy\groovy-datetime\3.0.7\groovy-datetime-3.0.7.jar;C:\Users\qgc\.m2\repository\org\codehaus\groovy\groovy-jmx\3.0.7\groovy-jmx-3.0.7.jar;C:\Users\qgc\.m2\repository\org\codehaus\groovy\groovy-json\3.0.7\groovy-json-3.0.7.jar;C:\Users\qgc\.m2\repository\org\codehaus\groovy\groovy-jsr223\3.0.7\groovy-jsr223-3.0.7.jar;C:\Users\qgc\.m2\repository\org\codehaus\groovy\groovy-sql\3.0.7\groovy-sql-3.0.7.jar;C:\Users\qgc\.m2\repository\org\codehaus\groovy\groovy-templates\3.0.7\groovy-templates-3.0.7.jar;C:\Users\qgc\.m2\repository\org\codehaus\groovy\groovy-xml\3.0.7\groovy-xml-3.0.7.jar;C:\Users\qgc\.m2\repository\org\apache\tika\tika-parsers\1.24.1\tika-parsers-1.24.1.jar;C:\Users\qgc\.m2\repository\xerces\xercesImpl\2.12.0\xercesImpl-2.12.0.jar;C:\Users\qgc\.m2\repository\xml-apis\xml-apis\1.4.01\xml-apis-1.4.01.jar;C:\Users\qgc\.m2\repository\org\apache\jmeter\ApacheJMeter_java\5.4.3\ApacheJMeter_java-5.4.3.jar;C:\Users\qgc\.m2\repository\commons-io\commons-io\2.8.0\commons-io-2.8.0.jar;"/>
    <property name="sun.cpu.endian" value="little"/>
    <property name="user.home" value="C:\Users\qgc"/>
    <property name="user.language" value="zh"/>
    <property name="java.specification.vendor" value="Oracle Corporation"/>
    <property name="java.home" value="D:\Program Files (x86)\Java\jdk1.8.0_40\jre"/>
    <property name="basedir" value="D:\qgcTools\java\rocketmqJmeter"/>
    <property name="file.separator" value="\"/>
    <property name="line.separator" value="&#10;"/>
    <property name="java.vm.specification.vendor" value="Oracle Corporation"/>
    <property name="java.specification.name" value="Java Platform API Specification"/>
    <property name="java.awt.graphicsenv" value="sun.awt.Win32GraphicsEnvironment"/>
    <property name="surefire.real.class.path" value="C:\Users\qgc\AppData\Local\Temp\surefire3821989345170595761\surefirebooter1064694353929917068.jar"/>
    <property name="sun.boot.class.path" value="D:\Program Files (x86)\Java\jdk1.8.0_40\jre\lib\resources.jar;D:\Program Files (x86)\Java\jdk1.8.0_40\jre\lib\rt.jar;D:\Program Files (x86)\Java\jdk1.8.0_40\jre\lib\sunrsasign.jar;D:\Program Files (x86)\Java\jdk1.8.0_40\jre\lib\jsse.jar;D:\Program Files (x86)\Java\jdk1.8.0_40\jre\lib\jce.jar;D:\Program Files (x86)\Java\jdk1.8.0_40\jre\lib\charsets.jar;D:\Program Files (x86)\Java\jdk1.8.0_40\jre\lib\jfr.jar;D:\Program Files (x86)\Java\jdk1.8.0_40\jre\classes"/>
    <property name="user.script" value=""/>
    <property name="sun.management.compiler" value="HotSpot Client Compiler"/>
    <property name="java.runtime.version" value="1.8.0_40-b25"/>
    <property name="user.name" value="qgc"/>
    <property name="path.separator" value=";"/>
    <property name="os.version" value="6.3"/>
    <property name="java.endorsed.dirs" value="D:\Program Files (x86)\Java\jdk1.8.0_40\jre\lib\endorsed"/>
    <property name="java.runtime.name" value="Java(TM) SE Runtime Environment"/>
    <property name="file.encoding" value="GBK"/>
    <property name="java.vm.name" value="Java HotSpot(TM) Client VM"/>
    <property name="localRepository" value="C:\Users\qgc\.m2\repository"/>
    <property name="java.vendor.url.bug" value="http://bugreport.sun.com/bugreport/"/>
    <property name="java.io.tmpdir" value="C:\Users\qgc\AppData\Local\Temp\"/>
    <property name="java.version" value="1.8.0_40"/>
    <property name="user.dir" value="D:\qgcTools\java\rocketmqJmeter"/>
    <property name="os.arch" value="x86"/>
    <property name="java.vm.specification.name" value="Java Virtual Machine Specification"/>
    <property name="java.awt.printerjob" value="sun.awt.windows.WPrinterJob"/>
    <property name="idea.version2019.1.3" value="true"/>
    <property name="sun.os.patch.level" value=""/>
    <property name="java.library.path" value="D:\Program Files (x86)\Java\jdk1.8.0_40\jre\bin;C:\WINDOWS\Sun\Java\bin;C:\WINDOWS\system32;C:\WINDOWS;D:\ProgramData\Anaconda3\condabin;C:\Program Files\Common Files\Oracle\Java\javapath;C:\ProgramData\Oracle\Java\javapath;C:\WINDOWS\system32;C:\WINDOWS;C:\WINDOWS\System32\Wbem;C:\WINDOWS\System32\WindowsPowerShell\v1.0\;D:\Program Files (x86)\NetSarang\Xshell 7\;D:\Program Files (x86)\NetSarang\Xftp 7\;D:\Program Files\Git\cmd;C:\Program Files\dotnet\;C:\WINDOWS\System32\OpenSSH\;D:\apache-jmeter-5.4.3\bin;D:\Program Files\nodejs\node_global\node_modules;D:\HttpRunner\;D:\Program Files\allure-2.19.0\bin;D:\ProgramData\Anaconda3;D:\ProgramData\Anaconda3\Scripts;D:\ProgramData\Anaconda3\Library\bin;D:\ProgramData\Anaconda3\mingw-w64\bin;D:\Program Files\gettext-iconv\bin;E:\mysql-8.0.25-winx64\bin;D:\Program Files\nodejs\;E:\platform-tools_r34.0.4-windows\platform-tools;C:\MinGW\bin;D:\ProgramData\Graphviz\bin;D:\Program Files (x86)\wkhtmltox-0.12.6-1.mxe-cross-win64\wkhtmltox\bin;D:\Program Files (x86)\apache-maven-3.9.6-bin\apache-maven-3.9.6\bin;D:\Program Files\JetBrains\IntelliJ IDEA 2019.1.3\bin;D:\Users\qgc\AppData\Local\Programs\Fiddler;C:\Users\qgc\AppData\Local\Microsoft\WindowsApps;D:\Program Files\nodejs\node_global;c:\users\qgc\.local\bin;C:\Users\qgc\AppData\Roaming\npm;D:\Users\qgc\AppData\Local\Programs\Microsoft VS Code\bin;;D:\Program Files\JetBrains\PyCharm 2021.1.3\bin;;."/>
    <property name="java.vm.info" value="mixed mode"/>
    <property name="java.vendor" value="Oracle Corporation"/>
    <property name="java.vm.version" value="25.40-b25"/>
    <property name="java.ext.dirs" value="D:\Program Files (x86)\Java\jdk1.8.0_40\jre\lib\ext;C:\WINDOWS\Sun\Java\lib\ext"/>
    <property name="sun.io.unicode.encoding" value="UnicodeLittle"/>
    <property name="maven.repo.local" value="C:\Users\qgc\.m2\repository"/>
    <property name="java.class.version" value="52.0"/>
  </properties>
  <testcase name="shouldAnswerWithTrue" classname="com.qgc.maven.AppTest" time="0.002"/>
</testsuite>